Arguments: 
  C:\Program Files\nodejs\node.exe C:\Users\lenovo\AppData\Roaming\npm\node_modules\yarn\bin\yarn.js add @react-pdf/renderer

PATH: 
  C:\Users\lenovo\bin;C:\Program Files\Git\mingw64\bin;C:\Program Files\Git\usr\local\bin;C:\Program Files\Git\usr\bin;C:\Program Files\Git\usr\bin;C:\Program Files\Git\mingw64\bin;C:\Program Files\Git\usr\bin;C:\Users\lenovo\bin;C:\WINDOWS\system32;C:\WINDOWS;C:\WINDOWS\System32\Wbem;C:\WINDOWS\System32\WindowsPowerShell\v1.0;C:\WINDOWS\System32\OpenSSH;C:\Program Files\nodejs;C:\Program Files\Git\cmd;C:\xampp\php;C:\ProgramData\ComposerSetup\bin;C:\WINDOWS\npm;C:\Users\lenovo\AppData\Local\Microsoft\WindowsApps;C:\Users\lenovo\AppData\Local\Programs\Microsoft VS Code\bin;C:\Users\lenovo\AppData\Roaming\npm;C:\Users\lenovo\AppData\Roaming\Composer\vendor\bin;C:\Program Files\Git\usr\bin\vendor_perl;C:\Program Files\Git\usr\bin\core_perl

Yarn version: 
  1.22.19

Node version: 
  16.15.1

Platform: 
  win32 x64

Trace: 
  Error: https://registry.yarnpkg.com/@ant-design/icons/-/icons-5.0.0.tgz: ESOCKETTIMEDOUT
      at ClientRequest.<anonymous> (C:\Users\lenovo\AppData\Roaming\npm\node_modules\yarn\lib\cli.js:141517:19)
      at Object.onceWrapper (node:events:641:28)
      at ClientRequest.emit (node:events:527:28)
      at TLSSocket.emitRequestTimeout (node:_http_client:771:9)
      at Object.onceWrapper (node:events:641:28)
      at TLSSocket.emit (node:events:539:35)
      at TLSSocket.Socket._onTimeout (node:net:516:8)
      at listOnTimeout (node:internal/timers:559:17)
      at processTimers (node:internal/timers:502:7)

npm manifest: 
  {
    "name": "mosaic-react",
    "version": "0.1.0",
    "license": ".w",
    "scripts": {
      "dev": "vite",
      "build": "vite build",
      "preview": "vite preview",
      "start": "react-scripts start"
    },
    "dependencies": {
      "@ckeditor/ckeditor5-build-classic": "^35.4.0",
      "@ckeditor/ckeditor5-react": "^5.0.5",
      "@tailwindcss/forms": "^0.5.2",
      "antd": "^5.0.7",
      "chart.js": "^3.8.0",
      "chartjs-adapter-moment": "^1.0.0",
      "flowbite": "^1.6.0",
      "jodit-react": "^1.3.32",
      "moment": "^2.29.4",
      "react": "^18.2.0",
      "react-dom": "^18.2.0",
      "react-draft-wysiwyg": "^1.15.0",
      "react-flatpickr": "^3.10.13",
      "react-hook-form": "^7.40.0",
      "react-hot-toast": "^2.4.0",
      "react-icons": "^4.6.0",
      "react-paginate": "^8.1.4",
      "react-player": "^2.11.0",
      "react-router-dom": "^6.3.0",
      "react-scripts": "^5.0.1",
      "react-spinkit": "^3.0.0",
      "react-step-progress-bar": "^1.0.3",
      "react-to-print": "^2.14.10",
      "react-transition-group": "^4.4.2",
      "sass": "^1.56.1",
      "swiper": "^8.4.5",
      "yarn": "^1.22.19"
    },
    "devDependencies": {
      "@vitejs/plugin-react": "^2.0.0",
      "autoprefixer": "^10.4.7",
      "postcss": "^8.4.14",
      "tailwindcss": "^3.1.6",
      "vite": "^3.0.0"
    }
  }

yarn manifest: 
  No manifest

Lockfile: 
  No lockfile
